\BOOKMARK [1][-]{section.1}{概述}{}% 1
\BOOKMARK [2][-]{subsection.1.1}{简介}{section.1}% 2
\BOOKMARK [2][-]{subsection.1.2}{运行环境}{section.1}% 3
\BOOKMARK [2][-]{subsection.1.3}{安装}{section.1}% 4
\BOOKMARK [2][-]{subsection.1.4}{运行}{section.1}% 5
\BOOKMARK [2][-]{subsection.1.5}{对y86程序的限制}{section.1}% 6
\BOOKMARK [2][-]{subsection.1.6}{对内存寻址的限制}{section.1}% 7
\BOOKMARK [1][-]{section.2}{运行}{}% 8
\BOOKMARK [2][-]{subsection.2.1}{编译}{section.2}% 9
\BOOKMARK [2][-]{subsection.2.2}{开始执行}{section.2}% 10
\BOOKMARK [2][-]{subsection.2.3}{播放/暂停}{section.2}% 11
\BOOKMARK [2][-]{subsection.2.4}{改变播放速度}{section.2}% 12
\BOOKMARK [2][-]{subsection.2.5}{前进/后退}{section.2}% 13
\BOOKMARK [2][-]{subsection.2.6}{跳至起始/跳至结尾}{section.2}% 14
\BOOKMARK [2][-]{subsection.2.7}{跳至任意周期}{section.2}% 15
\BOOKMARK [1][-]{section.3}{查看运行信息}{}% 16
\BOOKMARK [2][-]{subsection.3.1}{查看寄存器变量}{section.3}% 17
\BOOKMARK [2][-]{subsection.3.2}{查看代码}{section.3}% 18
\BOOKMARK [2][-]{subsection.3.3}{查看内存}{section.3}% 19
\BOOKMARK [2][-]{subsection.3.4}{保存运行信息}{section.3}% 20
